
fib.o:     file format elf32-littlearm


Disassembly of section .text:

00000000 <fib>:
   0:	b4f0      	push	{r4, r5, r6, r7}
   2:	2101      	movs	r1, #1
   4:	2201      	movs	r2, #1
   6:	2301      	movs	r3, #1
   8:	2400      	movs	r4, #0
   a:	2800      	cmp	r0, #0
   c:	d101      	bne.n	12 <else1>
   e:	2000      	movs	r0, #0
  10:	e00c      	b.n	2c <end>

00000012 <else1>:
  12:	2801      	cmp	r0, #1
  14:	d101      	bne.n	1a <else2>
  16:	2001      	movs	r0, #1
  18:	e008      	b.n	2c <end>

0000001a <else2>:
  1a:	3802      	subs	r0, #2

0000001c <loop>:
  1c:	4284      	cmp	r4, r0
  1e:	d004      	beq.n	2a <done>
  20:	1853      	adds	r3, r2, r1
  22:	4611      	mov	r1, r2
  24:	461a      	mov	r2, r3
  26:	3401      	adds	r4, #1
  28:	e7f8      	b.n	1c <loop>

0000002a <done>:
  2a:	4618      	mov	r0, r3

0000002c <end>:
  2c:	bcf0      	pop	{r4, r5, r6, r7}
  2e:	4770      	bx	lr
